
<channel-definition script="classpath://org/jasig/portal/io/import-channel_v3-1.crn">
  <title>Test Portlet 1</title>
  <name>Test Portlet 1</name>
  <fname>test-portlet-1</fname>
  <desc>Test portlet 1 from Apache Pluto</desc>
  <type>Portlet</type>
  <class>org.jasig.portal.channels.portlet.CSpringPortletAdaptor</class>
  <timeout>600000</timeout>
  <hasedit>N</hasedit>
  <hashelp>N</hashelp>
  <hasabout>N</hasabout>
  <secure>N</secure>
  <locale>en_US</locale>
  <categories>
    <category>Development</category>
  </categories>
  <groups>
    <group>Everyone</group>
  </groups>
  <parameters>
    <parameter> 
      <name>portletApplicationId</name>  
      <value>/pluto-testsuite</value>  
      <description/>  
      <ovrd>N</ovrd> 
    </parameter>
    <parameter> 
      <name>portletName</name>  
      <value>TestPortlet1</value>  
      <description/>  
      <ovrd>N</ovrd> 
    </parameter>
  </parameters>
  <portletPreferences>
    <portletPreference> 
      <name>TestName4</name>  
      <read-only>true</read-only>  
      <values>
        <value>TestValue4</value>
      </values> 
    </portletPreference>
  </portletPreferences>
</channel-definition>